<?xml version="1.0" encoding="UTF-8"?>
<!-- Generated by org.testng.reporters.JUnitReportReporter -->
<testsuite hostname="DESKTOP-GFKKN7N" failures="1" tests="23" name="com.easyserv.testcases.Motoserve.LoginTest" time="107.973" errors="1" timestamp="2024-12-18T09:38:29 ICT" skipped="0">
  <testcase classname="com.easyserv.testcases.Motoserve.LoginTest" name="LoginTest_TC001" time="2.775"/>
  <system-out/>
  <testcase classname="com.easyserv.testcases.Motoserve.LoginTest" name="LoginTest_TC002" time="3.026"/>
  <system-out/>
  <testcase classname="com.easyserv.testcases.Motoserve.LoginTest" name="LoginTest_TC003" time="2.866"/>
  <system-out/>
  <testcase classname="com.easyserv.testcases.Motoserve.LoginTest" name="LoginTest_TC004" time="4.117">
    <failure message="expected [Login successful] but found [Your User Name and Password combination is not correct. Please try again]" type="java.lang.AssertionError">
      <![CDATA[java.lang.AssertionError: expected [Login successful] but found [Your User Name and Password combination is not correct. Please try again]
at org.testng.Assert.fail(Assert.java:99)
at org.testng.Assert.failNotEquals(Assert.java:1037)
at org.testng.Assert.assertEqualsImpl(Assert.java:140)
at org.testng.Assert.assertEquals(Assert.java:122)
at org.testng.Assert.assertEquals(Assert.java:629)
at org.testng.Assert.assertEquals(Assert.java:639)
at com.easyserv.testcases.Motoserve.LoginTest.LoginTest_TC004(LoginTest.java:46)
at java.base/jdk.internal.reflect.DirectMethodHandleAccessor.invoke(DirectMethodHandleAccessor.java:104)
at java.base/java.lang.reflect.Method.invoke(Method.java:578)
at org.testng.internal.MethodInvocationHelper.invokeMethod(MethodInvocationHelper.java:133)
at org.testng.internal.TestInvoker.invokeMethod(TestInvoker.java:598)
at org.testng.internal.TestInvoker.invokeTestMethod(TestInvoker.java:173)
at org.testng.internal.MethodRunner.runInSequence(MethodRunner.java:46)
at org.testng.internal.TestInvoker$MethodInvocationAgent.invoke(TestInvoker.java:824)
at org.testng.internal.TestInvoker.invokeTestMethods(TestInvoker.java:146)
at org.testng.internal.TestMethodWorker.invokeTestMethods(TestMethodWorker.java:146)
at org.testng.internal.TestMethodWorker.run(TestMethodWorker.java:128)
at java.base/java.util.ArrayList.forEach(ArrayList.java:1511)
at org.testng.TestRunner.privateRun(TestRunner.java:794)
at org.testng.TestRunner.run(TestRunner.java:596)
at org.testng.SuiteRunner.runTest(SuiteRunner.java:377)
at org.testng.SuiteRunner.runSequentially(SuiteRunner.java:371)
at org.testng.SuiteRunner.privateRun(SuiteRunner.java:332)
at org.testng.SuiteRunner.run(SuiteRunner.java:276)
at org.testng.SuiteRunnerWorker.runSuite(SuiteRunnerWorker.java:53)
at org.testng.SuiteRunnerWorker.run(SuiteRunnerWorker.java:96)
at org.testng.TestNG.runSuitesSequentially(TestNG.java:1212)
at org.testng.TestNG.runSuitesLocally(TestNG.java:1134)
at org.testng.TestNG.runSuites(TestNG.java:1063)
at org.testng.TestNG.run(TestNG.java:1031)
at org.apache.maven.surefire.testng.TestNGExecutor.run(TestNGExecutor.java:308)
at org.apache.maven.surefire.testng.TestNGXmlTestSuite.execute(TestNGXmlTestSuite.java:71)
at org.apache.maven.surefire.testng.TestNGProvider.invoke(TestNGProvider.java:113)
at org.apache.maven.surefire.booter.ForkedBooter.runSuitesInProcess(ForkedBooter.java:385)
at org.apache.maven.surefire.booter.ForkedBooter.execute(ForkedBooter.java:162)
at org.apache.maven.surefire.booter.ForkedBooter.run(ForkedBooter.java:507)
at org.apache.maven.surefire.booter.ForkedBooter.main(ForkedBooter.java:495)
]]>
    </failure>
  </testcase> <!-- LoginTest_TC004 -->
  <system-out/>
  <testcase classname="com.easyserv.testcases.Motoserve.LoginTest" name="LoginTest_TC005" time="3.624"/>
  <system-out/>
  <testcase classname="com.easyserv.testcases.Motoserve.LoginTest" name="LoginTest_TC006" time="3.118"/>
  <system-out/>
  <testcase classname="com.easyserv.testcases.Motoserve.LoginTest" name="LoginTest_TC007" time="2.819"/>
  <system-out/>
  <testcase classname="com.easyserv.testcases.Motoserve.LoginTest" name="LoginTest_TC008" time="4.018"/>
  <system-out/>
  <testcase classname="com.easyserv.testcases.Motoserve.LoginTest" name="LoginTest_TC009" time="3.490"/>
  <system-out/>
  <testcase classname="com.easyserv.testcases.Motoserve.LoginTest" name="LoginTest_TC010" time="3.376"/>
  <system-out/>
  <testcase classname="com.easyserv.testcases.Motoserve.LoginTest" name="LoginTest_TC011" time="3.307"/>
  <system-out/>
  <testcase classname="com.easyserv.testcases.Motoserve.LoginTest" name="LoginTest_TC011" time="3.242"/>
  <system-out/>
  <testcase classname="com.easyserv.testcases.Motoserve.LoginTest" name="LoginTest_TC011" time="3.473"/>
  <system-out/>
  <testcase classname="com.easyserv.testcases.Motoserve.LoginTest" name="LoginTest_TC011" time="3.439"/>
  <system-out/>
  <testcase classname="com.easyserv.testcases.Motoserve.LoginTest" name="LoginTest_TC011" time="3.485"/>
  <system-out/>
  <testcase classname="com.easyserv.testcases.Motoserve.LoginTest" name="LoginTest_TC012" time="3.576"/>
  <system-out/>
  <testcase classname="com.easyserv.testcases.Motoserve.LoginTest" name="LoginTest_TC013" time="6.046"/>
  <system-out/>
  <testcase classname="com.easyserv.testcases.Motoserve.LoginTest" name="LoginTest_TC013" time="5.482"/>
  <system-out/>
  <testcase classname="com.easyserv.testcases.Motoserve.LoginTest" name="LoginTest_TC013" time="5.675"/>
  <system-out/>
  <testcase classname="com.easyserv.testcases.Motoserve.LoginTest" name="LoginTest_TC013" time="6.047"/>
  <system-out/>
  <testcase classname="com.easyserv.testcases.Motoserve.LoginTest" name="LoginTest_TC014" time="3.486"/>
  <system-out/>
  <testcase classname="com.easyserv.testcases.Motoserve.LoginTest" name="LoginTest_TC015" time="2.949"/>
  <system-out/>
  <testcase classname="com.easyserv.testcases.Motoserve.LoginTest" name="LoginTest_TC016" time="24.537">
    <error message="Expected condition failed: waiting for element to be clickable: By.xpath: //span[contains(text(),&#039;Confirm your vehicle&#039;)] (tried for 15 second(s) with 500 milliseconds interval)
Build info: version: &#039;4.7.2&#039;, revision: &#039;4d4020c3b7&#039;
System info: os.name: &#039;Windows 11&#039;, os.arch: &#039;amd64&#039;, os.version: &#039;10.0&#039;, java.version: &#039;19&#039;
Driver info: org.openqa.selenium.chrome.ChromeDriver
Capabilities {acceptInsecureCerts: false, browserName: chrome, browserVersion: 131.0.6778.140, chrome: {chromedriverVersion: 131.0.6778.85 (3d81e41b6f3a..., userDataDir: C:\WINDOWS\SystemTemp\scope...}, fedcm:accounts: true, goog:chromeOptions: {debuggerAddress: localhost:57107}, networkConnectionEnabled: false, pageLoadStrategy: normal, platformName: WINDOWS, proxy: Proxy(), se:cdp: ws://localhost:57107/devtoo..., se:cdpVersion: 131.0.6778.140, setWindowRect: true, strictFileInteractability: false, timeouts: {implicit: 0, pageLoad: 300000, script: 30000}, unhandledPromptBehavior: dismiss and notify, webauthn:extension:credBlob: true, webauthn:extension:largeBlob: true, webauthn:extension:minPinLength: true, webauthn:extension:prf: true, webauthn:virtualAuthenticators: true}
Session ID: 5bf5cca913ee3715858e97814b8dc5e6" type="org.openqa.selenium.TimeoutException">
      <![CDATA[org.openqa.selenium.TimeoutException: Expected condition failed: waiting for element to be clickable: By.xpath: //span[contains(text(),'Confirm your vehicle')] (tried for 15 second(s) with 500 milliseconds interval)
Build info: version: '4.7.2', revision: '4d4020c3b7'
System info: os.name: 'Windows 11', os.arch: 'amd64', os.version: '10.0', java.version: '19'
Driver info: org.openqa.selenium.chrome.ChromeDriver
Capabilities {acceptInsecureCerts: false, browserName: chrome, browserVersion: 131.0.6778.140, chrome: {chromedriverVersion: 131.0.6778.85 (3d81e41b6f3a..., userDataDir: C:\WINDOWS\SystemTemp\scope...}, fedcm:accounts: true, goog:chromeOptions: {debuggerAddress: localhost:57107}, networkConnectionEnabled: false, pageLoadStrategy: normal, platformName: WINDOWS, proxy: Proxy(), se:cdp: ws://localhost:57107/devtoo..., se:cdpVersion: 131.0.6778.140, setWindowRect: true, strictFileInteractability: false, timeouts: {implicit: 0, pageLoad: 300000, script: 30000}, unhandledPromptBehavior: dismiss and notify, webauthn:extension:credBlob: true, webauthn:extension:largeBlob: true, webauthn:extension:minPinLength: true, webauthn:extension:prf: true, webauthn:virtualAuthenticators: true}
Session ID: 5bf5cca913ee3715858e97814b8dc5e6
at org.openqa.selenium.support.ui.WebDriverWait.timeoutException(WebDriverWait.java:87)
at org.openqa.selenium.support.ui.FluentWait.until(FluentWait.java:231)
at com.easyserv.common.ValidateHelper.checkText(ValidateHelper.java:137)
at com.easyserv.pages.Motoserve_BookingApp_UAT.LoginPages.VerifyConfirmVehicleHeader(LoginPages.java:153)
at com.easyserv.testcases.Motoserve.LoginTest.LoginTest_TC016(LoginTest.java:118)
at java.base/jdk.internal.reflect.DirectMethodHandleAccessor.invoke(DirectMethodHandleAccessor.java:104)
at java.base/java.lang.reflect.Method.invoke(Method.java:578)
at org.testng.internal.MethodInvocationHelper.invokeMethod(MethodInvocationHelper.java:133)
at org.testng.internal.TestInvoker.invokeMethod(TestInvoker.java:598)
at org.testng.internal.TestInvoker.invokeTestMethod(TestInvoker.java:173)
at org.testng.internal.MethodRunner.runInSequence(MethodRunner.java:46)
at org.testng.internal.TestInvoker$MethodInvocationAgent.invoke(TestInvoker.java:824)
at org.testng.internal.TestInvoker.invokeTestMethods(TestInvoker.java:146)
at org.testng.internal.TestMethodWorker.invokeTestMethods(TestMethodWorker.java:146)
at org.testng.internal.TestMethodWorker.run(TestMethodWorker.java:128)
at java.base/java.util.ArrayList.forEach(ArrayList.java:1511)
at org.testng.TestRunner.privateRun(TestRunner.java:794)
at org.testng.TestRunner.run(TestRunner.java:596)
at org.testng.SuiteRunner.runTest(SuiteRunner.java:377)
at org.testng.SuiteRunner.runSequentially(SuiteRunner.java:371)
at org.testng.SuiteRunner.privateRun(SuiteRunner.java:332)
at org.testng.SuiteRunner.run(SuiteRunner.java:276)
at org.testng.SuiteRunnerWorker.runSuite(SuiteRunnerWorker.java:53)
at org.testng.SuiteRunnerWorker.run(SuiteRunnerWorker.java:96)
at org.testng.TestNG.runSuitesSequentially(TestNG.java:1212)
at org.testng.TestNG.runSuitesLocally(TestNG.java:1134)
at org.testng.TestNG.runSuites(TestNG.java:1063)
at org.testng.TestNG.run(TestNG.java:1031)
at org.apache.maven.surefire.testng.TestNGExecutor.run(TestNGExecutor.java:308)
at org.apache.maven.surefire.testng.TestNGXmlTestSuite.execute(TestNGXmlTestSuite.java:71)
at org.apache.maven.surefire.testng.TestNGProvider.invoke(TestNGProvider.java:113)
at org.apache.maven.surefire.booter.ForkedBooter.runSuitesInProcess(ForkedBooter.java:385)
at org.apache.maven.surefire.booter.ForkedBooter.execute(ForkedBooter.java:162)
at org.apache.maven.surefire.booter.ForkedBooter.run(ForkedBooter.java:507)
at org.apache.maven.surefire.booter.ForkedBooter.main(ForkedBooter.java:495)
]]>
    </error>
  </testcase> <!-- LoginTest_TC016 -->
  <system-out/>
</testsuite> <!-- com.easyserv.testcases.Motoserve.LoginTest -->
